<?xml version="1.0" encoding="UTF-8"?>
<testng-results skipped="0" failed="0" ignored="0" total="1" passed="1">
  <reporter-output>
  </reporter-output>
  <suite name="Default suite" duration-ms="17978" started-at="2019-07-15T13:26:30Z" finished-at="2019-07-15T13:26:48Z">
    <groups>
    </groups>
    <test name="Default test" duration-ms="17978" started-at="2019-07-15T13:26:30Z" finished-at="2019-07-15T13:26:48Z">
      <class name="Calc.Assignment.AppTest">
        <test-method status="PASS" signature="testdriver()[pri:0, instance:Calc.Assignment.AppTest@6950e31]" name="testdriver" duration-ms="17954" started-at="2019-07-15T13:26:30Z" finished-at="2019-07-15T13:26:48Z">
          <reporter-output>
          </reporter-output>
        </test-method> <!-- testdriver -->
      </class> <!-- Calc.Assignment.AppTest -->
    </test> <!-- Default test -->
  </suite> <!-- Default suite -->
</testng-results>
